<?xml version="1.0" encoding="UTF-8"?>
<!-- Generated by org.testng.reporters.JUnitXMLReporter -->
<testsuite ignored="0" hostname="DESKTOP-O8S5GCU" failures="1" tests="3" name="Personal Loan" time="0.237" errors="0" timestamp="2020-12-08T12:50:03 GMT-08:00">
  <testcase classname="com.edu.testngtest.Personal_loan" name="aPILoginPersonalLoan" time="0.025"/>
  <testcase classname="com.edu.testngtest.Personal_loan" name="webLoginPersonalLoan" time="0.002"/>
  <testcase classname="com.edu.testngtest.Personal_loan" name="mobileLoginPersonalLoan" time="0.009">
    <failure type="java.lang.AssertionError" message="null">
      <![CDATA[java.lang.AssertionError: null
at com.edu.testngtest.Personal_loan.mobileLoginPersonalLoan(Personal_loan.java:37)
at java.base/java.util.ArrayList.forEach(ArrayList.java:1510)
at com.intellij.rt.execution.application.AppMainV2.main(AppMainV2.java:131)
... Removed 32 stack frames]]>
    </failure>
  </testcase> <!-- mobileLoginPersonalLoan -->
</testsuite> <!-- Personal Loan -->
