<?xml version="1.0" encoding="UTF-8"?>
<testng-results ignored="0" total="9" passed="7" failed="2" skipped="0">
  <reporter-output>
  </reporter-output>
  <suite started-at="2020-12-08T12:50:02 GMT-08:00" name="test_suite" finished-at="2020-12-08T12:50:03 GMT-08:00" duration-ms="877">
    <groups>
      <group name="SanityTest">
        <method signature="Home_loan.MobileLoginHomeLoan()[pri:0, instance:com.edu.testngtest.Home_loan@130f889]" name="MobileLoginHomeLoan" class="com.edu.testngtest.Home_loan"/>
        <method signature="Car_loan.APILoginCarLoan()[pri:0, instance:com.edu.testngtest.Car_loan@4e4aea35]" name="APILoginCarLoan" class="com.edu.testngtest.Car_loan"/>
      </group> <!-- SanityTest -->
    </groups>
    <test started-at="2020-12-08T12:50:02 GMT-08:00" name="Personal Loan" finished-at="2020-12-08T12:50:02 GMT-08:00" duration-ms="237">
      <class name="com.edu.testngtest.Personal_loan">
        <test-method signature="aPILoginPersonalLoan()[pri:-3, instance:com.edu.testngtest.Personal_loan@73d4cc9e]" started-at="2020-12-08T12:50:02 GMT-08:00" name="aPILoginPersonalLoan" description="API Login for Personal Loan Page" finished-at="2020-12-08T12:50:02 GMT-08:00" duration-ms="25" status="PASS">
          <reporter-output>
          </reporter-output>
        </test-method> <!-- aPILoginPersonalLoan -->
        <test-method signature="webLoginPersonalLoan()[pri:0, instance:com.edu.testngtest.Personal_loan@73d4cc9e]" started-at="2020-12-08T12:50:02 GMT-08:00" name="webLoginPersonalLoan" finished-at="2020-12-08T12:50:02 GMT-08:00" duration-ms="2" status="PASS">
          <reporter-output>
          </reporter-output>
        </test-method> <!-- webLoginPersonalLoan -->
        <test-method signature="mobileLoginPersonalLoan()[pri:5, instance:com.edu.testngtest.Personal_loan@73d4cc9e]" started-at="2020-12-08T12:50:02 GMT-08:00" name="mobileLoginPersonalLoan" finished-at="2020-12-08T12:50:02 GMT-08:00" duration-ms="9" status="FAIL">
          <exception class="java.lang.AssertionError">
            <message>
              <![CDATA[null]]>
            </message>
            <full-stacktrace>
              <![CDATA[java.lang.AssertionError: null
at org.testng.Assert.fail(Assert.java:97)
at org.testng.Assert.fail(Assert.java:102)
at com.edu.testngtest.Personal_loan.mobileLoginPersonalLoan(Personal_loan.java:37)
at java.base/jdk.internal.reflect.NativeMethodAccessorImpl.invoke0(Native Method)
at java.base/jdk.internal.reflect.NativeMethodAccessorImpl.invoke(NativeMethodAccessorImpl.java:62)
at java.base/jdk.internal.reflect.DelegatingMethodAccessorImpl.invoke(DelegatingMethodAccessorImpl.java:43)
at java.base/java.lang.reflect.Method.invoke(Method.java:564)
at org.testng.internal.MethodInvocationHelper.invokeMethod(MethodInvocationHelper.java:134)
at org.testng.internal.TestInvoker.invokeMethod(TestInvoker.java:597)
at org.testng.internal.TestInvoker.invokeTestMethod(TestInvoker.java:173)
at org.testng.internal.MethodRunner.runInSequence(MethodRunner.java:46)
at org.testng.internal.TestInvoker$MethodInvocationAgent.invoke(TestInvoker.java:816)
at org.testng.internal.TestInvoker.invokeTestMethods(TestInvoker.java:146)
at org.testng.internal.TestMethodWorker.invokeTestMethods(TestMethodWorker.java:146)
at org.testng.internal.TestMethodWorker.run(TestMethodWorker.java:128)
at java.base/java.util.ArrayList.forEach(ArrayList.java:1510)
at org.testng.TestRunner.privateRun(TestRunner.java:766)
at org.testng.TestRunner.run(TestRunner.java:587)
at org.testng.SuiteRunner.runTest(SuiteRunner.java:384)
at org.testng.SuiteRunner.runSequentially(SuiteRunner.java:378)
at org.testng.SuiteRunner.privateRun(SuiteRunner.java:337)
at org.testng.SuiteRunner.run(SuiteRunner.java:286)
at org.testng.SuiteRunnerWorker.runSuite(SuiteRunnerWorker.java:53)
at org.testng.SuiteRunnerWorker.run(SuiteRunnerWorker.java:96)
at org.testng.TestNG.runSuitesSequentially(TestNG.java:1187)
at org.testng.TestNG.runSuitesLocally(TestNG.java:1109)
at org.testng.TestNG.runSuites(TestNG.java:1039)
at org.testng.TestNG.run(TestNG.java:1007)
at org.testng.IDEARemoteTestNG.run(IDEARemoteTestNG.java:73)
at org.testng.RemoteTestNGStarter.main(RemoteTestNGStarter.java:123)
at java.base/jdk.internal.reflect.NativeMethodAccessorImpl.invoke0(Native Method)
at java.base/jdk.internal.reflect.NativeMethodAccessorImpl.invoke(NativeMethodAccessorImpl.java:62)
at java.base/jdk.internal.reflect.DelegatingMethodAccessorImpl.invoke(DelegatingMethodAccessorImpl.java:43)
at java.base/java.lang.reflect.Method.invoke(Method.java:564)
at com.intellij.rt.execution.application.AppMainV2.main(AppMainV2.java:131)
]]>
            </full-stacktrace>
          </exception> <!-- java.lang.AssertionError -->
          <reporter-output>
          </reporter-output>
        </test-method> <!-- mobileLoginPersonalLoan -->
      </class> <!-- com.edu.testngtest.Personal_loan -->
    </test> <!-- Personal Loan -->
    <test started-at="2020-12-08T12:50:03 GMT-08:00" name="Home Loan" finished-at="2020-12-08T12:50:03 GMT-08:00" duration-ms="23">
      <class name="com.edu.testngtest.Home_loan">
        <test-method signature="APILoginHomeLoan()[pri:0, instance:com.edu.testngtest.Home_loan@130f889]" started-at="2020-12-08T12:50:03 GMT-08:00" name="APILoginHomeLoan" finished-at="2020-12-08T12:50:03 GMT-08:00" duration-ms="1" status="PASS">
          <reporter-output>
          </reporter-output>
        </test-method> <!-- APILoginHomeLoan -->
        <test-method signature="MobileLoginHomeLoan()[pri:0, instance:com.edu.testngtest.Home_loan@130f889]" started-at="2020-12-08T12:50:03 GMT-08:00" name="MobileLoginHomeLoan" finished-at="2020-12-08T12:50:03 GMT-08:00" duration-ms="1" status="PASS">
          <reporter-output>
          </reporter-output>
        </test-method> <!-- MobileLoginHomeLoan -->
        <test-method signature="WebLoginHomeLoan()[pri:0, instance:com.edu.testngtest.Home_loan@130f889]" started-at="2020-12-08T12:50:03 GMT-08:00" name="WebLoginHomeLoan" finished-at="2020-12-08T12:50:03 GMT-08:00" duration-ms="2" status="PASS">
          <reporter-output>
          </reporter-output>
        </test-method> <!-- WebLoginHomeLoan -->
      </class> <!-- com.edu.testngtest.Home_loan -->
    </test> <!-- Home Loan -->
    <test started-at="2020-12-08T12:50:03 GMT-08:00" name="Car Loan" finished-at="2020-12-08T12:50:03 GMT-08:00" duration-ms="46">
      <class name="com.edu.testngtest.Car_loan">
        <test-method signature="APILoginCarLoan()[pri:0, instance:com.edu.testngtest.Car_loan@4e4aea35]" started-at="2020-12-08T12:50:03 GMT-08:00" name="APILoginCarLoan" finished-at="2020-12-08T12:50:03 GMT-08:00" duration-ms="5" status="PASS">
          <reporter-output>
          </reporter-output>
        </test-method> <!-- APILoginCarLoan -->
        <test-method signature="MobileLoginCarLoan()[pri:0, instance:com.edu.testngtest.Car_loan@4e4aea35]" started-at="2020-12-08T12:50:03 GMT-08:00" name="MobileLoginCarLoan" finished-at="2020-12-08T12:50:03 GMT-08:00" duration-ms="9" status="PASS">
          <reporter-output>
          </reporter-output>
        </test-method> <!-- MobileLoginCarLoan -->
        <test-method signature="WebLoginCarLoan()[pri:0, instance:com.edu.testngtest.Car_loan@4e4aea35]" started-at="2020-12-08T12:50:03 GMT-08:00" name="WebLoginCarLoan" finished-at="2020-12-08T12:50:03 GMT-08:00" duration-ms="0" status="FAIL">
          <exception class="java.lang.AssertionError">
            <message>
              <![CDATA[null]]>
            </message>
            <full-stacktrace>
              <![CDATA[java.lang.AssertionError: null
at org.testng.Assert.fail(Assert.java:97)
at org.testng.Assert.fail(Assert.java:102)
at com.edu.testngtest.Car_loan.WebLoginCarLoan(Car_loan.java:10)
at java.base/jdk.internal.reflect.NativeMethodAccessorImpl.invoke0(Native Method)
at java.base/jdk.internal.reflect.NativeMethodAccessorImpl.invoke(NativeMethodAccessorImpl.java:62)
at java.base/jdk.internal.reflect.DelegatingMethodAccessorImpl.invoke(DelegatingMethodAccessorImpl.java:43)
at java.base/java.lang.reflect.Method.invoke(Method.java:564)
at org.testng.internal.MethodInvocationHelper.invokeMethod(MethodInvocationHelper.java:134)
at org.testng.internal.TestInvoker.invokeMethod(TestInvoker.java:597)
at org.testng.internal.TestInvoker.invokeTestMethod(TestInvoker.java:173)
at org.testng.internal.MethodRunner.runInSequence(MethodRunner.java:46)
at org.testng.internal.TestInvoker$MethodInvocationAgent.invoke(TestInvoker.java:816)
at org.testng.internal.TestInvoker.invokeTestMethods(TestInvoker.java:146)
at org.testng.internal.TestMethodWorker.invokeTestMethods(TestMethodWorker.java:146)
at org.testng.internal.TestMethodWorker.run(TestMethodWorker.java:128)
at java.base/java.util.ArrayList.forEach(ArrayList.java:1510)
at org.testng.TestRunner.privateRun(TestRunner.java:766)
at org.testng.TestRunner.run(TestRunner.java:587)
at org.testng.SuiteRunner.runTest(SuiteRunner.java:384)
at org.testng.SuiteRunner.runSequentially(SuiteRunner.java:378)
at org.testng.SuiteRunner.privateRun(SuiteRunner.java:337)
at org.testng.SuiteRunner.run(SuiteRunner.java:286)
at org.testng.SuiteRunnerWorker.runSuite(SuiteRunnerWorker.java:53)
at org.testng.SuiteRunnerWorker.run(SuiteRunnerWorker.java:96)
at org.testng.TestNG.runSuitesSequentially(TestNG.java:1187)
at org.testng.TestNG.runSuitesLocally(TestNG.java:1109)
at org.testng.TestNG.runSuites(TestNG.java:1039)
at org.testng.TestNG.run(TestNG.java:1007)
at org.testng.IDEARemoteTestNG.run(IDEARemoteTestNG.java:73)
at org.testng.RemoteTestNGStarter.main(RemoteTestNGStarter.java:123)
at java.base/jdk.internal.reflect.NativeMethodAccessorImpl.invoke0(Native Method)
at java.base/jdk.internal.reflect.NativeMethodAccessorImpl.invoke(NativeMethodAccessorImpl.java:62)
at java.base/jdk.internal.reflect.DelegatingMethodAccessorImpl.invoke(DelegatingMethodAccessorImpl.java:43)
at java.base/java.lang.reflect.Method.invoke(Method.java:564)
at com.intellij.rt.execution.application.AppMainV2.main(AppMainV2.java:131)
]]>
            </full-stacktrace>
          </exception> <!-- java.lang.AssertionError -->
          <reporter-output>
          </reporter-output>
        </test-method> <!-- WebLoginCarLoan -->
      </class> <!-- com.edu.testngtest.Car_loan -->
    </test> <!-- Car Loan -->
  </suite> <!-- test_suite -->
</testng-results>
